
Collecting usage statistics. To deactivate, set browser.gatherUsageStats to false.


  You can now view your Streamlit app in your browser.

  Local URL: http://localhost:8501
  Network URL: http://172.18.0.2:8501
  External URL: http://39.120.65.72:8501

[31mâ”€â”€[0m[31mâ”€â”€â”€â”€â”€â”€â”€â”€â”€â”€â”€â”€â”€â”€â”€â”€â”€â”€â”€â”€â”€â”€â”€â”€[0m[31m [0m[1;31mTraceback [0m[1;2;31m(most recent call last)[0m[31m [0m[31mâ”€â”€â”€â”€â”€â”€â”€â”€â”€â”€â”€â”€â”€â”€â”€â”€â”€â”€â”€â”€â”€â”€â”€â”€â”€[0m[31mâ”€â”€[0m
[31m [0m [2;33m/workspaces/upstageailab-ocr-recsys-competition-ocr-2/.venv/lib/python3.12/site-pack[0m [31m [0m
[31m [0m [2;33mages/streamlit/runtime/scriptrunner/[0m[1;33mexec_code.py[0m:[94m128[0m in                              [31m [0m
[31m [0m [92mexec_func_with_error_handling[0m                                                        [31m [0m
[31m [0m                                                                                      [31m [0m
[31m [0m [2;33m/workspaces/upstageailab-ocr-recsys-competition-ocr-2/.venv/lib/python3.12/site-pack[0m [31m [0m
[31m [0m [2;33mages/streamlit/runtime/scriptrunner/[0m[1;33mscript_runner.py[0m:[94m669[0m in [92mcode_to_exec[0m             [31m [0m
[31m [0m                                                                                      [31m [0m
[31m [0m [2;33m/workspaces/upstageailab-ocr-recsys-competition-ocr-2/ui/apps/command_builder/[0m[1;33mapp.py[0m [31m [0m
[31m [0m :[94m8[0m in [92m<module>[0m                                                                       [31m [0m
[31m [0m                                                                                      [31m [0m
[31m [0m   [2m 5 [0m[94mfrom[0m[90m [0m[4;96mui[0m[4;96m.[0m[4;96mutils[0m[4;96m.[0m[4;96mcommand[0m[90m [0m[94mimport[0m CommandBuilder                                     [31m [0m
[31m [0m   [2m 6 [0m[94mfrom[0m[90m [0m[4;96mui[0m[4;96m.[0m[4;96mutils[0m[4;96m.[0m[4;96mconfig_parser[0m[90m [0m[94mimport[0m ConfigParser                                 [31m [0m
[31m [0m   [2m 7 [0m                                                                                [31m [0m
[31m [0m [31mâ± [0m 8 [94mfrom[0m[90m [0m[4;96m.[0m[4;96mcomponents[0m[90m [0m[94mimport[0m render_predict_page, render_sidebar, render_test_page,  [31m [0m
[31m [0m   [2m 9 [0m[94mfrom[0m[90m [0m[4;96m.[0m[4;96mservices[0m[4;96m.[0m[4;96mrecommendations[0m[90m [0m[94mimport[0m UseCaseRecommendationService              [31m [0m
[31m [0m   [2m10 [0m[94mfrom[0m[90m [0m[4;96m.[0m[4;96mstate[0m[90m [0m[94mimport[0m CommandBuilderState, CommandType                             [31m [0m
[31m [0m   [2m11 [0m                                                                                [31m [0m
[31mâ”€â”€â”€â”€â”€â”€â”€â”€â”€â”€â”€â”€â”€â”€â”€â”€â”€â”€â”€â”€â”€â”€â”€â”€â”€â”€â”€â”€â”€â”€â”€â”€â”€â”€â”€â”€â”€â”€â”€â”€â”€â”€â”€â”€â”€â”€â”€â”€â”€â”€â”€â”€â”€â”€â”€â”€â”€â”€â”€â”€â”€â”€â”€â”€â”€â”€â”€â”€â”€â”€â”€â”€â”€â”€â”€â”€â”€â”€â”€â”€â”€â”€â”€â”€â”€â”€â”€â”€[0m
[1;91mImportError: [0mattempted relative import with no known parent package
