DEBUG: OCRPLModule loaded from: /workspaces/upstageailab-ocr-recsys-competition-ocr-2/ocr/core/lightning/base.py
[2026-01-22 08:47:18,325][ocr.pipelines.orchestrator][INFO] - 🎯 OCRProjectOrchestrator initialized
[2026-01-22 08:47:18,326][ocr.pipelines.orchestrator][INFO] -    Domain: recognition
[2026-01-22 08:47:18,326][ocr.pipelines.orchestrator][INFO] -    Mode: train
[2026-01-22 08:47:18,327][ocr.pipelines.orchestrator][INFO] - 
============================================================
[2026-01-22 08:47:18,328][ocr.pipelines.orchestrator][INFO] - 🚀 Starting TRAIN for recognition domain
[2026-01-22 08:47:18,328][ocr.pipelines.orchestrator][INFO] - ============================================================

[2026-01-22 08:47:18,329][ocr.pipelines.orchestrator][INFO] - 🏗️ Building model and datasets...
[2026-01-22 08:47:18,329][ocr.pipelines.orchestrator][INFO] - 💉 Injecting vocab_size for recognition model...
[2026-01-22 08:47:18,514][ocr.domains.recognition.data.tokenizer][INFO] - Loaded tokenizer: 1023 chars, vocab_size=1027, max_len=25
[2026-01-22 08:47:21,213][timm.models._builder][INFO] - Loading pretrained weights from Hugging Face hub (timm/resnet18.a1_in1k)
[2026-01-22 08:47:21,474][timm.models._hub][INFO] - [timm/resnet18.a1_in1k] Safe alternative available for 'pytorch_model.bin' (as 'model.safetensors'). Loading weights using safetensors.
[2026-01-22 08:47:21,880][timm.models._builder][INFO] - Loading pretrained weights from Hugging Face hub (timm/resnet18.a1_in1k)
[2026-01-22 08:47:22,089][timm.models._hub][INFO] - [timm/resnet18.a1_in1k] Safe alternative available for 'pytorch_model.bin' (as 'model.safetensors'). Loading weights using safetensors.
Error executing job with overrides: ['experiment=rec_baseline_v1', '+trainer.fast_dev_run=True']
Error in call to target 'torch.optim.adam.Adam':
TypeError("Adam.__init__() missing 1 required positional argument: 'params'")
full_key: model.architectures.cfg.optimizer

Set the environment variable HYDRA_FULL_ERROR=1 for a complete stack trace.
