[2025-12-31 20:17:54,454][lightning.fabric.utilities.seed][INFO] - Seed set to 42
[2025-12-31 20:17:54,507][__main__][INFO] - Initializing layoutlmv3 model from microsoft/layoutlmv3-base
[2025-12-31 20:17:57,089][ocr.data.datasets.kie_dataset][INFO] - Loaded 3595 samples from data/export/baseline_kie/train.parquet
[2025-12-31 20:17:57,126][ocr.data.datasets.kie_dataset][INFO] - Loaded 402 samples from data/export/baseline_kie/val.parquet
[2025-12-31 20:17:57,830][lightning.pytorch.utilities.rank_zero][INFO] - GPU available: False, used: False
[2025-12-31 20:17:57,832][lightning.pytorch.utilities.rank_zero][INFO] - TPU available: False, using: 0 TPU cores
[2025-12-31 20:17:57,876][lightning.pytorch.utilities.rank_zero][INFO] - Loading `train_dataloader` to estimate number of stepping batches.
[2025-12-31 20:18:36,377][lightning.fabric.utilities.seed][INFO] - Seed set to 42
[2025-12-31 20:18:36,425][__main__][INFO] - Initializing layoutlmv3 model from microsoft/layoutlmv3-base
[2025-12-31 20:18:39,569][ocr.data.datasets.kie_dataset][INFO] - Loaded 3595 samples from data/export/baseline_kie/train.parquet
[2025-12-31 20:18:39,615][ocr.data.datasets.kie_dataset][INFO] - Loaded 402 samples from data/export/baseline_kie/val.parquet
[2025-12-31 20:18:40,291][lightning.pytorch.utilities.rank_zero][INFO] - GPU available: False, used: False
[2025-12-31 20:18:40,292][lightning.pytorch.utilities.rank_zero][INFO] - TPU available: False, using: 0 TPU cores
[2025-12-31 20:18:40,369][lightning.pytorch.utilities.rank_zero][INFO] - Loading `train_dataloader` to estimate number of stepping batches.
[2025-12-31 20:20:00,589][lightning.fabric.utilities.seed][INFO] - Seed set to 42
[2025-12-31 20:20:00,628][__main__][INFO] - Initializing layoutlmv3 model from microsoft/layoutlmv3-base
[2025-12-31 20:20:03,284][ocr.data.datasets.kie_dataset][INFO] - Loaded 3595 samples from data/export/baseline_kie/train.parquet
[2025-12-31 20:20:03,326][ocr.data.datasets.kie_dataset][INFO] - Loaded 402 samples from data/export/baseline_kie/val.parquet
[2025-12-31 20:20:03,964][lightning.pytorch.utilities.rank_zero][INFO] - GPU available: False, used: False
[2025-12-31 20:20:03,964][lightning.pytorch.utilities.rank_zero][INFO] - TPU available: False, using: 0 TPU cores
[2025-12-31 20:20:04,011][lightning.pytorch.utilities.rank_zero][INFO] - Loading `train_dataloader` to estimate number of stepping batches.
[2025-12-31 20:20:43,871][lightning.fabric.utilities.seed][INFO] - Seed set to 42
[2025-12-31 20:20:43,896][__main__][INFO] - Initializing layoutlmv3 model from microsoft/layoutlmv3-base
[2025-12-31 20:20:46,639][ocr.data.datasets.kie_dataset][INFO] - Loaded 3595 samples from data/export/baseline_kie/train.parquet
[2025-12-31 20:20:46,670][ocr.data.datasets.kie_dataset][INFO] - Loaded 402 samples from data/export/baseline_kie/val.parquet
[2025-12-31 20:20:47,285][lightning.pytorch.utilities.rank_zero][INFO] - GPU available: False, used: False
[2025-12-31 20:20:47,286][lightning.pytorch.utilities.rank_zero][INFO] - TPU available: False, using: 0 TPU cores
[2025-12-31 20:20:47,323][lightning.pytorch.utilities.rank_zero][INFO] - Loading `train_dataloader` to estimate number of stepping batches.
