[2026-01-01 00:24:00,364][lightning.fabric.utilities.seed][INFO] - Seed set to 42
[2026-01-01 00:24:00,388][__main__][INFO] - Initializing layoutlmv3 model from microsoft/layoutlmv3-base
[2026-01-01 00:24:03,055][ocr.data.datasets.kie_dataset][INFO] - Loaded 5468 samples from data/processed/aihub_validation.parquet
[2026-01-01 00:24:03,299][ocr.data.datasets.kie_dataset][INFO] - Loaded 5468 samples from data/processed/aihub_validation.parquet
[2026-01-01 00:24:03,881][lightning.pytorch.utilities.rank_zero][INFO] - GPU available: False, used: False
[2026-01-01 00:24:03,882][lightning.pytorch.utilities.rank_zero][INFO] - TPU available: False, using: 0 TPU cores
[2026-01-01 00:24:03,931][lightning.pytorch.utilities.rank_zero][INFO] - Loading `train_dataloader` to estimate number of stepping batches.
[2026-01-01 00:25:14,802][lightning.pytorch.utilities.rank_zero][INFO] - `Trainer.fit` stopped: `max_epochs=1` reached.
[2026-01-01 00:29:18,377][lightning.fabric.utilities.seed][INFO] - Seed set to 42
[2026-01-01 00:29:18,402][__main__][INFO] - Initializing layoutlmv3 model from microsoft/layoutlmv3-base
[2026-01-01 00:29:21,173][ocr.data.datasets.kie_dataset][INFO] - Loaded 5468 samples from data/processed/aihub_validation.parquet
[2026-01-01 00:29:21,427][ocr.data.datasets.kie_dataset][INFO] - Loaded 5468 samples from data/processed/aihub_validation.parquet
[2026-01-01 00:29:50,495][lightning.fabric.utilities.seed][INFO] - Seed set to 42
[2026-01-01 00:29:50,511][__main__][INFO] - Initializing layoutlmv3 model from microsoft/layoutlmv3-base
[2026-01-01 00:29:53,234][ocr.data.datasets.kie_dataset][INFO] - Loaded 5468 samples from data/processed/aihub_validation.parquet
[2026-01-01 00:29:53,485][ocr.data.datasets.kie_dataset][INFO] - Loaded 5468 samples from data/processed/aihub_validation.parquet
[2026-01-01 00:29:54,017][lightning.pytorch.utilities.rank_zero][INFO] - GPU available: False, used: False
[2026-01-01 00:29:54,018][lightning.pytorch.utilities.rank_zero][INFO] - TPU available: False, using: 0 TPU cores
[2026-01-01 00:30:09,230][lightning.pytorch.utilities.rank_zero][INFO] - 
Detected KeyboardInterrupt, attempting graceful shutdown ...
[2026-01-01 00:48:19,522][lightning.fabric.utilities.seed][INFO] - Seed set to 42
[2026-01-01 00:48:19,553][__main__][INFO] - Initializing layoutlmv3 model from microsoft/layoutlmv3-base
[2026-01-01 00:48:22,275][ocr.data.datasets.kie_dataset][INFO] - Loaded 5468 samples from data/processed/aihub_validation.parquet
[2026-01-01 00:48:22,541][ocr.data.datasets.kie_dataset][INFO] - Loaded 5468 samples from data/processed/aihub_validation.parquet
[2026-01-01 00:48:23,076][lightning.pytorch.utilities.rank_zero][INFO] - GPU available: False, used: False
[2026-01-01 00:48:23,077][lightning.pytorch.utilities.rank_zero][INFO] - TPU available: False, using: 0 TPU cores
[2026-01-01 00:48:43,355][lightning.pytorch.utilities.rank_zero][INFO] - 
Detected KeyboardInterrupt, attempting graceful shutdown ...
[2026-01-01 00:52:17,182][lightning.fabric.utilities.seed][INFO] - Seed set to 42
[2026-01-01 00:52:17,202][__main__][INFO] - Initializing layoutlmv3 model from microsoft/layoutlmv3-base
[2026-01-01 00:52:19,787][ocr.data.datasets.kie_dataset][INFO] - Loaded 5468 samples from data/processed/aihub_validation.parquet
[2026-01-01 00:52:20,075][ocr.data.datasets.kie_dataset][INFO] - Loaded 5468 samples from data/processed/aihub_validation.parquet
[2026-01-01 00:52:20,570][lightning.pytorch.utilities.rank_zero][INFO] - GPU available: False, used: False
[2026-01-01 00:52:20,571][lightning.pytorch.utilities.rank_zero][INFO] - TPU available: False, using: 0 TPU cores
[2026-01-01 00:52:22,508][lightning.pytorch.utilities.rank_zero][INFO] - Loading `train_dataloader` to estimate number of stepping batches.
[2026-01-01 00:53:32,090][lightning.pytorch.utilities.rank_zero][INFO] - `Trainer.fit` stopped: `max_epochs=1` reached.
[2026-01-01 00:54:16,895][lightning.fabric.utilities.seed][INFO] - Seed set to 42
[2026-01-01 00:54:16,919][__main__][INFO] - Initializing layoutlmv3 model from microsoft/layoutlmv3-base
[2026-01-01 00:54:19,957][ocr.data.datasets.kie_dataset][INFO] - Loaded 5468 samples from data/processed/aihub_validation.parquet
[2026-01-01 00:54:20,193][ocr.data.datasets.kie_dataset][INFO] - Loaded 5468 samples from data/processed/aihub_validation.parquet
[2026-01-01 00:54:20,700][lightning.pytorch.utilities.rank_zero][INFO] - GPU available: False, used: False
[2026-01-01 00:54:20,701][lightning.pytorch.utilities.rank_zero][INFO] - TPU available: False, using: 0 TPU cores
[2026-01-01 00:54:22,789][lightning.pytorch.utilities.rank_zero][INFO] - Loading `train_dataloader` to estimate number of stepping batches.
[2026-01-01 00:55:05,322][lightning.pytorch.utilities.rank_zero][INFO] - 
Detected KeyboardInterrupt, attempting graceful shutdown ...
[2026-01-01 00:59:55,732][lightning.fabric.utilities.seed][INFO] - Seed set to 42
[2026-01-01 00:59:55,753][__main__][INFO] - Initializing layoutlmv3 model from microsoft/layoutlmv3-base
[2026-01-01 01:00:22,908][lightning.fabric.utilities.seed][INFO] - Seed set to 42
[2026-01-01 01:00:22,930][__main__][INFO] - Initializing layoutlmv3 model from microsoft/layoutlmv3-base
[2026-01-01 01:00:25,579][ocr.data.datasets.kie_dataset][INFO] - Loaded 5468 samples from data/processed/aihub_validation.parquet
[2026-01-01 01:00:25,849][ocr.data.datasets.kie_dataset][INFO] - Loaded 5468 samples from data/processed/aihub_validation.parquet
[2026-01-01 01:00:25,850][__main__][INFO] - Train dataset size: 5468
[2026-01-01 01:00:25,851][__main__][INFO] - Val dataset size: 5468
[2026-01-01 01:00:26,371][lightning.pytorch.utilities.rank_zero][INFO] - GPU available: False, used: False
[2026-01-01 01:00:26,371][lightning.pytorch.utilities.rank_zero][INFO] - TPU available: False, using: 0 TPU cores
[2026-01-01 01:00:28,289][lightning.pytorch.utilities.rank_zero][INFO] - Loading `train_dataloader` to estimate number of stepping batches.
[2026-01-01 01:00:33,196][root][WARNING] - Images sizes do not match. This will causes images to be display incorrectly in the UI.
[2026-01-01 01:00:48,418][root][WARNING] - Images sizes do not match. This will causes images to be display incorrectly in the UI.
[2026-01-01 01:01:00,650][lightning.pytorch.utilities.rank_zero][INFO] - 
Detected KeyboardInterrupt, attempting graceful shutdown ...
[2026-01-01 01:10:06,354][lightning.fabric.utilities.seed][INFO] - Seed set to 42
[2026-01-01 01:10:06,384][__main__][INFO] - Initializing layoutlmv3 model from microsoft/layoutlmv3-base
[2026-01-01 01:10:09,211][ocr.data.datasets.kie_dataset][INFO] - Loaded 5468 samples from data/processed/aihub_validation.parquet
[2026-01-01 01:10:09,756][ocr.data.datasets.kie_dataset][INFO] - Loaded 3272 samples from data/processed/baseline_train.parquet
[2026-01-01 01:10:10,017][ocr.data.datasets.kie_dataset][INFO] - Loaded 5468 samples from data/processed/aihub_validation.parquet
[2026-01-01 01:10:10,018][__main__][INFO] - Train dataset size: 8740
[2026-01-01 01:10:10,018][__main__][INFO] - Val dataset size: 5468
[2026-01-01 01:10:10,527][lightning.pytorch.utilities.rank_zero][INFO] - GPU available: False, used: False
[2026-01-01 01:10:10,527][lightning.pytorch.utilities.rank_zero][INFO] - TPU available: False, using: 0 TPU cores
[2026-01-01 01:10:10,528][lightning.pytorch.utilities.rank_zero][INFO] - `Trainer(limit_train_batches=1.0)` was configured so 100% of the batches per epoch will be used..
[2026-01-01 01:10:10,529][lightning.pytorch.utilities.rank_zero][INFO] - `Trainer(limit_val_batches=1.0)` was configured so 100% of the batches will be used..
[2026-01-01 01:10:12,479][lightning.pytorch.utilities.rank_zero][INFO] - Loading `train_dataloader` to estimate number of stepping batches.
[2026-01-01 01:10:12,564][ocr.data.datasets.kie_dataset][ERROR] - Failed to load image data/raw/competition/baseline_text_detection/images/data/datasets/images/train/drp.en_ko.in_house.selectstar_004114.jpg: Image not found: data/raw/competition/baseline_text_detection/images/data/datasets/images/train/drp.en_ko.in_house.selectstar_004114.jpg
[2026-01-01 01:10:12,569][ocr.data.datasets.kie_dataset][ERROR] - Error loading sample 3213: Image not found: data/raw/competition/baseline_text_detection/images/data/datasets/images/train/drp.en_ko.in_house.selectstar_004114.jpg
[2026-01-01 01:10:12,600][ocr.data.datasets.kie_dataset][ERROR] - Failed to load image data/raw/competition/baseline_text_detection/images/data/datasets/images/train/drp.en_ko.in_house.selectstar_003939.jpg: Image not found: data/raw/competition/baseline_text_detection/images/data/datasets/images/train/drp.en_ko.in_house.selectstar_003939.jpg
[2026-01-01 01:10:12,604][ocr.data.datasets.kie_dataset][ERROR] - Error loading sample 3074: Image not found: data/raw/competition/baseline_text_detection/images/data/datasets/images/train/drp.en_ko.in_house.selectstar_003939.jpg
[2026-01-01 01:10:12,810][ocr.data.datasets.kie_dataset][ERROR] - Failed to load image data/raw/competition/baseline_text_detection/images/data/datasets/images/train/drp.en_ko.in_house.selectstar_002125.jpg: Image not found: data/raw/competition/baseline_text_detection/images/data/datasets/images/train/drp.en_ko.in_house.selectstar_002125.jpg
[2026-01-01 01:10:12,816][ocr.data.datasets.kie_dataset][ERROR] - Error loading sample 1685: Image not found: data/raw/competition/baseline_text_detection/images/data/datasets/images/train/drp.en_ko.in_house.selectstar_002125.jpg
[2026-01-01 01:10:12,860][ocr.data.datasets.kie_dataset][ERROR] - Failed to load image data/raw/competition/baseline_text_detection/images/data/datasets/images/train/drp.en_ko.in_house.selectstar_003759.jpg: Image not found: data/raw/competition/baseline_text_detection/images/data/datasets/images/train/drp.en_ko.in_house.selectstar_003759.jpg
[2026-01-01 01:10:12,865][ocr.data.datasets.kie_dataset][ERROR] - Error loading sample 2941: Image not found: data/raw/competition/baseline_text_detection/images/data/datasets/images/train/drp.en_ko.in_house.selectstar_003759.jpg
[2026-01-01 01:10:13,327][ocr.data.datasets.kie_dataset][ERROR] - Failed to load image data/raw/competition/baseline_text_detection/images/data/datasets/images/train/drp.en_ko.in_house.selectstar_000153.jpg: Image not found: data/raw/competition/baseline_text_detection/images/data/datasets/images/train/drp.en_ko.in_house.selectstar_000153.jpg
[2026-01-01 01:10:13,338][ocr.data.datasets.kie_dataset][ERROR] - Error loading sample 120: Image not found: data/raw/competition/baseline_text_detection/images/data/datasets/images/train/drp.en_ko.in_house.selectstar_000153.jpg
[2026-01-01 01:10:16,897][root][WARNING] - Images sizes do not match. This will causes images to be display incorrectly in the UI.
[2026-01-01 01:10:18,421][ocr.data.datasets.kie_dataset][ERROR] - Failed to load image data/raw/competition/baseline_text_detection/images/data/datasets/images/train/drp.en_ko.in_house.selectstar_002326.jpg: Image not found: data/raw/competition/baseline_text_detection/images/data/datasets/images/train/drp.en_ko.in_house.selectstar_002326.jpg
[2026-01-01 01:10:18,422][ocr.data.datasets.kie_dataset][ERROR] - Error loading sample 1836: Image not found: data/raw/competition/baseline_text_detection/images/data/datasets/images/train/drp.en_ko.in_house.selectstar_002326.jpg
[2026-01-01 01:11:10,447][lightning.fabric.utilities.seed][INFO] - Seed set to 42
[2026-01-01 01:11:10,464][__main__][INFO] - Initializing layoutlmv3 model from microsoft/layoutlmv3-base
[2026-01-01 01:11:13,144][ocr.data.datasets.kie_dataset][INFO] - Loaded 5468 samples from data/processed/aihub_validation.parquet
[2026-01-01 01:11:13,649][ocr.data.datasets.kie_dataset][INFO] - Loaded 3272 samples from data/processed/baseline_train.parquet
[2026-01-01 01:11:13,918][ocr.data.datasets.kie_dataset][INFO] - Loaded 5468 samples from data/processed/aihub_validation.parquet
[2026-01-01 01:11:13,919][__main__][INFO] - Train dataset size: 8740
[2026-01-01 01:11:13,920][__main__][INFO] - Val dataset size: 5468
[2026-01-01 01:11:14,442][lightning.pytorch.utilities.rank_zero][INFO] - GPU available: False, used: False
[2026-01-01 01:11:14,442][lightning.pytorch.utilities.rank_zero][INFO] - TPU available: False, using: 0 TPU cores
[2026-01-01 01:11:14,443][lightning.pytorch.utilities.rank_zero][INFO] - `Trainer(limit_train_batches=1.0)` was configured so 100% of the batches per epoch will be used..
[2026-01-01 01:11:14,444][lightning.pytorch.utilities.rank_zero][INFO] - `Trainer(limit_val_batches=1.0)` was configured so 100% of the batches will be used..
[2026-01-01 01:11:16,386][lightning.pytorch.utilities.rank_zero][INFO] - Loading `train_dataloader` to estimate number of stepping batches.
[2026-01-01 01:11:20,813][root][WARNING] - Images sizes do not match. This will causes images to be display incorrectly in the UI.
[2026-01-01 01:11:39,532][lightning.pytorch.utilities.rank_zero][INFO] - 
Detected KeyboardInterrupt, attempting graceful shutdown ...
[2026-01-01 01:19:58,636][lightning.fabric.utilities.seed][INFO] - Seed set to 42
[2026-01-01 01:19:58,658][__main__][INFO] - Initializing layoutlmv3 model from microsoft/layoutlmv3-base
[2026-01-01 01:20:01,287][ocr.data.datasets.kie_dataset][INFO] - Loaded 5468 samples from data/processed/aihub_validation.parquet
[2026-01-01 01:20:01,765][ocr.data.datasets.kie_dataset][INFO] - Loaded 3272 samples from data/processed/baseline_train.parquet
[2026-01-01 01:20:02,003][ocr.data.datasets.kie_dataset][INFO] - Loaded 5468 samples from data/processed/aihub_validation.parquet
[2026-01-01 01:20:02,005][__main__][INFO] - Train dataset size: 8740
[2026-01-01 01:20:02,005][__main__][INFO] - Val dataset size: 5468
[2026-01-01 01:20:02,506][lightning.pytorch.utilities.rank_zero][INFO] - Using bfloat16 Automatic Mixed Precision (AMP)
[2026-01-01 01:20:02,510][lightning.pytorch.utilities.rank_zero][INFO] - GPU available: False, used: False
[2026-01-01 01:20:02,511][lightning.pytorch.utilities.rank_zero][INFO] - TPU available: False, using: 0 TPU cores
[2026-01-01 01:20:04,407][lightning.pytorch.utilities.rank_zero][INFO] - Loading `train_dataloader` to estimate number of stepping batches.
[2026-01-01 01:27:14,701][lightning.fabric.utilities.seed][INFO] - Seed set to 42
[2026-01-01 01:27:14,729][__main__][INFO] - Initializing layoutlmv3 model from microsoft/layoutlmv3-base
[2026-01-01 01:27:17,565][ocr.data.datasets.kie_dataset][INFO] - Loaded 5468 samples from data/processed/aihub_validation.parquet
[2026-01-01 01:27:18,145][ocr.data.datasets.kie_dataset][INFO] - Loaded 3272 samples from data/processed/baseline_train.parquet
[2026-01-01 01:27:18,474][ocr.data.datasets.kie_dataset][INFO] - Loaded 5468 samples from data/processed/aihub_validation.parquet
[2026-01-01 01:27:18,476][__main__][INFO] - Train dataset size: 8740
[2026-01-01 01:27:18,477][__main__][INFO] - Val dataset size: 5468
[2026-01-01 01:27:52,162][lightning.fabric.utilities.seed][INFO] - Seed set to 42
[2026-01-01 01:27:52,183][__main__][INFO] - Initializing layoutlmv3 model from microsoft/layoutlmv3-base
[2026-01-01 01:27:54,828][ocr.data.datasets.kie_dataset][INFO] - Loaded 5468 samples from data/processed/aihub_validation.parquet
[2026-01-01 01:27:55,284][ocr.data.datasets.kie_dataset][INFO] - Loaded 3272 samples from data/processed/baseline_train.parquet
[2026-01-01 01:27:55,528][ocr.data.datasets.kie_dataset][INFO] - Loaded 5468 samples from data/processed/aihub_validation.parquet
[2026-01-01 01:27:55,529][__main__][INFO] - Train dataset size: 8740
[2026-01-01 01:27:55,530][__main__][INFO] - Val dataset size: 5468
[2026-01-01 01:28:14,951][lightning.fabric.utilities.seed][INFO] - Seed set to 42
[2026-01-01 01:28:14,974][__main__][INFO] - Initializing layoutlmv3 model from microsoft/layoutlmv3-base
[2026-01-01 01:28:17,921][ocr.data.datasets.kie_dataset][INFO] - Loaded 5468 samples from data/processed/aihub_validation.parquet
[2026-01-01 01:28:18,414][ocr.data.datasets.kie_dataset][INFO] - Loaded 3272 samples from data/processed/baseline_train.parquet
[2026-01-01 01:28:18,678][ocr.data.datasets.kie_dataset][INFO] - Loaded 5468 samples from data/processed/aihub_validation.parquet
[2026-01-01 01:28:18,679][__main__][INFO] - Train dataset size: 8740
[2026-01-01 01:28:18,680][__main__][INFO] - Val dataset size: 5468
[2026-01-01 01:28:19,170][lightning.pytorch.utilities.rank_zero][INFO] - Using bfloat16 Automatic Mixed Precision (AMP)
[2026-01-01 01:28:19,175][lightning.pytorch.utilities.rank_zero][INFO] - GPU available: False, used: False
[2026-01-01 01:28:19,178][lightning.pytorch.utilities.rank_zero][INFO] - TPU available: False, using: 0 TPU cores
[2026-01-01 01:28:20,970][lightning.pytorch.utilities.rank_zero][INFO] - Loading `train_dataloader` to estimate number of stepping batches.
[2026-01-01 01:28:41,741][lightning.pytorch.utilities.rank_zero][INFO] - 
Detected KeyboardInterrupt, attempting graceful shutdown ...
[2026-01-01 01:32:28,988][lightning.fabric.utilities.seed][INFO] - Seed set to 42
[2026-01-01 01:32:29,007][__main__][INFO] - Initializing layoutlmv3 model from microsoft/layoutlmv3-base
[2026-01-01 01:32:31,203][lightning.pytorch.utilities.rank_zero][INFO] - 
Detected KeyboardInterrupt, attempting graceful shutdown ...
[2026-01-01 01:32:31,588][ocr.data.datasets.kie_dataset][INFO] - Loaded 5468 samples from data/processed/aihub_validation.parquet
[2026-01-01 01:32:32,089][ocr.data.datasets.kie_dataset][INFO] - Loaded 3272 samples from data/processed/baseline_train.parquet
[2026-01-01 01:32:32,397][ocr.data.datasets.kie_dataset][INFO] - Loaded 5468 samples from data/processed/aihub_validation.parquet
[2026-01-01 01:32:32,398][__main__][INFO] - Train dataset size: 8740
[2026-01-01 01:32:32,398][__main__][INFO] - Val dataset size: 5468
[2026-01-01 01:32:32,976][lightning.pytorch.utilities.rank_zero][INFO] - Using bfloat16 Automatic Mixed Precision (AMP)
[2026-01-01 01:32:32,981][lightning.pytorch.utilities.rank_zero][INFO] - GPU available: False, used: False
[2026-01-01 01:32:32,984][lightning.pytorch.utilities.rank_zero][INFO] - TPU available: False, using: 0 TPU cores
[2026-01-01 01:32:34,907][lightning.pytorch.utilities.rank_zero][INFO] - Loading `train_dataloader` to estimate number of stepping batches.
[2026-01-01 01:32:49,035][lightning.pytorch.utilities.rank_zero][INFO] - 
Detected KeyboardInterrupt, attempting graceful shutdown ...
[2026-01-01 01:35:23,354][lightning.fabric.utilities.seed][INFO] - Seed set to 42
[2026-01-01 01:35:23,507][__main__][INFO] - Initializing layoutlmv3 model from microsoft/layoutlmv3-base
[2026-01-01 01:35:25,959][ocr.data.datasets.kie_dataset][INFO] - Loaded 5468 samples from data/processed/aihub_validation.parquet
[2026-01-01 01:35:26,488][ocr.data.datasets.kie_dataset][INFO] - Loaded 3272 samples from data/processed/baseline_train.parquet
[2026-01-01 01:35:26,755][ocr.data.datasets.kie_dataset][INFO] - Loaded 5468 samples from data/processed/aihub_validation.parquet
[2026-01-01 01:35:26,757][__main__][INFO] - Train dataset size: 8740
[2026-01-01 01:35:26,757][__main__][INFO] - Val dataset size: 5468
[2026-01-01 01:35:27,362][lightning.pytorch.utilities.rank_zero][INFO] - Using 16bit Automatic Mixed Precision (AMP)
[2026-01-01 01:35:27,720][lightning.pytorch.utilities.rank_zero][INFO] - GPU available: True (cuda), used: True
[2026-01-01 01:35:27,723][lightning.pytorch.utilities.rank_zero][INFO] - TPU available: False, using: 0 TPU cores
[2026-01-01 01:35:27,724][lightning.pytorch.utilities.rank_zero][INFO] - `Trainer(limit_train_batches=1.0)` was configured so 100% of the batches per epoch will be used..
[2026-01-01 01:35:27,724][lightning.pytorch.utilities.rank_zero][INFO] - `Trainer(limit_val_batches=1.0)` was configured so 100% of the batches will be used..
[2026-01-01 01:35:38,829][lightning.pytorch.accelerators.cuda][INFO] - LOCAL_RANK: 0 - CUDA_VISIBLE_DEVICES: [0]
[2026-01-01 01:35:39,322][lightning.pytorch.utilities.rank_zero][INFO] - Loading `train_dataloader` to estimate number of stepping batches.
[2026-01-01 01:35:39,612][lightning.pytorch.callbacks.model_summary][INFO] - 
  | Name  | Type              | Params | Mode 
----------------------------------------------------
0 | model | LayoutLMv3Wrapper | 125 M  | train
----------------------------------------------------
125 M     Trainable params
0         Non-trainable params
125 M     Total params
501.314   Total estimated model params size (MB)
242       Modules in train mode
0         Modules in eval mode
[2026-01-01 01:35:52,619][root][WARNING] - Images sizes do not match. This will causes images to be display incorrectly in the UI.
[2026-01-01 01:38:18,896][root][WARNING] - Images sizes do not match. This will causes images to be display incorrectly in the UI.
[2026-01-01 01:39:26,359][lightning.fabric.utilities.seed][INFO] - Seed set to 42
[2026-01-01 01:39:26,393][__main__][INFO] - Initializing layoutlmv3 model from microsoft/layoutlmv3-base
[2026-01-01 01:39:29,417][ocr.data.datasets.kie_dataset][INFO] - Loaded 5468 samples from data/processed/aihub_validation.parquet
[2026-01-01 01:39:30,207][ocr.data.datasets.kie_dataset][INFO] - Loaded 3272 samples from data/processed/baseline_train.parquet
[2026-01-01 01:39:30,588][ocr.data.datasets.kie_dataset][INFO] - Loaded 5468 samples from data/processed/aihub_validation.parquet
[2026-01-01 01:39:30,595][__main__][INFO] - Train dataset size: 8740
[2026-01-01 01:39:30,597][__main__][INFO] - Val dataset size: 5468
[2026-01-01 01:39:31,157][lightning.pytorch.utilities.rank_zero][INFO] - Using bfloat16 Automatic Mixed Precision (AMP)
[2026-01-01 01:39:31,164][lightning.pytorch.utilities.rank_zero][INFO] - GPU available: False, used: False
[2026-01-01 01:39:31,169][lightning.pytorch.utilities.rank_zero][INFO] - TPU available: False, using: 0 TPU cores
[2026-01-01 01:39:33,627][lightning.pytorch.utilities.rank_zero][INFO] - Loading `train_dataloader` to estimate number of stepping batches.
[2026-01-01 01:39:52,512][lightning.pytorch.utilities.rank_zero][INFO] - 
Detected KeyboardInterrupt, attempting graceful shutdown ...
[2026-01-01 01:42:57,109][ocr.data.datasets.kie_dataset][ERROR] - Failed to load image data/raw/external/aihub_public_admin_doc/validation/images/02.원천데이터(Jpg)/인.허가/5350109/1999/5350109-1999-0001-2360.jpg: Image not found: data/raw/external/aihub_public_admin_doc/validation/images/02.원천데이터(Jpg)/인.허가/5350109/1999/5350109-1999-0001-2360.jpg
[2026-01-01 01:42:57,114][ocr.data.datasets.kie_dataset][ERROR] - Error loading sample 4479: Image not found: data/raw/external/aihub_public_admin_doc/validation/images/02.원천데이터(Jpg)/인.허가/5350109/1999/5350109-1999-0001-2360.jpg
[2026-01-01 01:47:12,280][lightning.fabric.utilities.seed][INFO] - Seed set to 42
[2026-01-01 01:47:12,308][__main__][INFO] - Initializing layoutlmv3 model from microsoft/layoutlmv3-base
[2026-01-01 01:47:14,974][ocr.data.datasets.kie_dataset][INFO] - Loaded 5468 samples from data/processed/aihub_validation.parquet
[2026-01-01 01:47:15,473][ocr.data.datasets.kie_dataset][INFO] - Loaded 3272 samples from data/processed/baseline_train.parquet
[2026-01-01 01:47:15,732][ocr.data.datasets.kie_dataset][INFO] - Loaded 5468 samples from data/processed/aihub_validation.parquet
[2026-01-01 01:47:15,733][__main__][INFO] - Train dataset size: 8740
[2026-01-01 01:47:15,734][__main__][INFO] - Val dataset size: 5468
[2026-01-01 01:47:16,240][lightning.pytorch.utilities.rank_zero][INFO] - Using bfloat16 Automatic Mixed Precision (AMP)
[2026-01-01 01:47:16,245][lightning.pytorch.utilities.rank_zero][INFO] - GPU available: False, used: False
[2026-01-01 01:47:16,247][lightning.pytorch.utilities.rank_zero][INFO] - TPU available: False, using: 0 TPU cores
[2026-01-01 01:47:18,249][lightning.pytorch.utilities.rank_zero][INFO] - Loading `train_dataloader` to estimate number of stepping batches.
[2026-01-01 01:48:04,477][lightning.pytorch.utilities.rank_zero][INFO] - 
Detected KeyboardInterrupt, attempting graceful shutdown ...
[2026-01-01 01:58:38,240][lightning.fabric.utilities.seed][INFO] - Seed set to 42
[2026-01-01 01:58:38,351][__main__][INFO] - Initializing layoutlmv3 model from microsoft/layoutlmv3-base
[2026-01-01 02:12:13,350][lightning.fabric.utilities.seed][INFO] - Seed set to 42
[2026-01-01 02:12:13,485][__main__][INFO] - Initializing layoutlmv3 model from microsoft/layoutlmv3-base
[2026-01-01 02:13:21,577][lightning.fabric.utilities.seed][INFO] - Seed set to 42
[2026-01-01 02:13:21,602][__main__][INFO] - Initializing layoutlmv3 model from microsoft/layoutlmv3-base
[2026-01-01 02:13:24,571][ocr.data.datasets.kie_dataset][INFO] - Loaded 3272 samples from data/processed/baseline_train_optimized.parquet
[2026-01-01 02:13:24,854][ocr.data.datasets.kie_dataset][INFO] - Loaded 5467 samples from data/processed/aihub_validation_optimized.parquet
[2026-01-01 02:13:24,855][__main__][INFO] - Train dataset size: 3272
[2026-01-01 02:13:24,856][__main__][INFO] - Val dataset size: 5467
[2026-01-01 02:13:51,068][lightning.fabric.utilities.seed][INFO] - Seed set to 42
[2026-01-01 02:13:51,092][__main__][INFO] - Initializing layoutlmv3 model from microsoft/layoutlmv3-base
[2026-01-01 02:13:54,407][ocr.data.datasets.kie_dataset][INFO] - Loaded 3272 samples from data/processed/baseline_train_optimized.parquet
[2026-01-01 02:13:54,680][ocr.data.datasets.kie_dataset][INFO] - Loaded 5467 samples from data/processed/aihub_validation_optimized.parquet
[2026-01-01 02:13:54,681][__main__][INFO] - Train dataset size: 3272
[2026-01-01 02:13:54,682][__main__][INFO] - Val dataset size: 5467
[2026-01-01 02:13:55,187][lightning.pytorch.utilities.rank_zero][INFO] - Using bfloat16 Automatic Mixed Precision (AMP)
[2026-01-01 02:13:55,191][lightning.pytorch.utilities.rank_zero][INFO] - GPU available: False, used: False
[2026-01-01 02:13:55,194][lightning.pytorch.utilities.rank_zero][INFO] - TPU available: False, using: 0 TPU cores
[2026-01-01 02:13:57,462][lightning.pytorch.utilities.rank_zero][INFO] - Loading `train_dataloader` to estimate number of stepping batches.
[2026-01-01 02:13:59,882][ocr.data.datasets.kie_dataset][ERROR] - Failed to load image data/optimized_images/baseline_train/train_drp.en_ko.in_house.selectstar_003381.jpg: cannot identify image file 'data/optimized_images/baseline_train/train_drp.en_ko.in_house.selectstar_003381.jpg'
[2026-01-01 02:14:42,673][lightning.pytorch.utilities.rank_zero][INFO] - 
Detected KeyboardInterrupt, attempting graceful shutdown ...
[2026-01-01 02:17:47,425][lightning.fabric.utilities.seed][INFO] - Seed set to 42
[2026-01-01 02:17:47,536][__main__][INFO] - Initializing layoutlmv3 model from microsoft/layoutlmv3-base
[2026-01-01 02:17:50,433][ocr.data.datasets.kie_dataset][INFO] - Loaded 3272 samples from data/processed/baseline_train_optimized.parquet
[2026-01-01 02:17:50,705][ocr.data.datasets.kie_dataset][INFO] - Loaded 5467 samples from data/processed/aihub_validation_optimized.parquet
[2026-01-01 02:17:50,707][__main__][INFO] - Train dataset size: 3272
[2026-01-01 02:17:50,707][__main__][INFO] - Val dataset size: 5467
[2026-01-01 02:17:51,290][lightning.pytorch.utilities.rank_zero][INFO] - Using 16bit Automatic Mixed Precision (AMP)
[2026-01-01 02:17:51,801][lightning.pytorch.utilities.rank_zero][INFO] - GPU available: True (cuda), used: True
[2026-01-01 02:17:51,805][lightning.pytorch.utilities.rank_zero][INFO] - TPU available: False, using: 0 TPU cores
[2026-01-01 02:17:51,806][lightning.pytorch.utilities.rank_zero][INFO] - `Trainer(limit_train_batches=1.0)` was configured so 100% of the batches per epoch will be used..
[2026-01-01 02:17:51,807][lightning.pytorch.utilities.rank_zero][INFO] - `Trainer(limit_val_batches=1.0)` was configured so 100% of the batches will be used..
[2026-01-01 02:18:00,437][lightning.pytorch.accelerators.cuda][INFO] - LOCAL_RANK: 0 - CUDA_VISIBLE_DEVICES: [0]
[2026-01-01 02:18:01,053][lightning.pytorch.utilities.rank_zero][INFO] - Loading `train_dataloader` to estimate number of stepping batches.
[2026-01-01 02:18:01,250][lightning.pytorch.callbacks.model_summary][INFO] - 
  | Name  | Type              | Params | Mode 
----------------------------------------------------
0 | model | LayoutLMv3Wrapper | 125 M  | train
----------------------------------------------------
125 M     Trainable params
0         Non-trainable params
125 M     Total params
501.314   Total estimated model params size (MB)
242       Modules in train mode
0         Modules in eval mode
[2026-01-01 02:18:04,087][ocr.data.datasets.kie_dataset][ERROR] - Failed to load image data/optimized_images/baseline_train/train_drp.en_ko.in_house.selectstar_003381.jpg: cannot identify image file '/workspaces/upstageailab-ocr-recsys-competition-ocr-2/data/optimized_images/baseline_train/train_drp.en_ko.in_house.selectstar_003381.jpg'
[2026-01-01 02:18:26,771][ocr.data.datasets.kie_dataset][ERROR] - Failed to load image data/optimized_images/baseline_train/train_drp.en_ko.in_house.selectstar_003378.jpg: cannot identify image file '/workspaces/upstageailab-ocr-recsys-competition-ocr-2/data/optimized_images/baseline_train/train_drp.en_ko.in_house.selectstar_003378.jpg'
[2026-01-01 02:18:58,293][ocr.data.datasets.kie_dataset][ERROR] - Failed to load image data/optimized_images/baseline_train/train_drp.en_ko.in_house.selectstar_003380.jpg: cannot identify image file '/workspaces/upstageailab-ocr-recsys-competition-ocr-2/data/optimized_images/baseline_train/train_drp.en_ko.in_house.selectstar_003380.jpg'
[2026-01-01 02:20:22,447][lightning.pytorch.utilities.rank_zero][INFO] - 
Detected KeyboardInterrupt, attempting graceful shutdown ...
[2026-01-01 02:22:35,102][lightning.fabric.utilities.seed][INFO] - Seed set to 42
[2026-01-01 02:22:35,197][__main__][INFO] - Initializing layoutlmv3 model from microsoft/layoutlmv3-base
[2026-01-01 02:22:37,468][ocr.data.datasets.kie_dataset][INFO] - Loaded 3272 samples from data/processed/baseline_train_optimized.parquet
[2026-01-01 02:22:37,722][ocr.data.datasets.kie_dataset][INFO] - Loaded 5467 samples from data/processed/aihub_validation_optimized.parquet
[2026-01-01 02:22:37,724][__main__][INFO] - Train dataset size: 3272
[2026-01-01 02:22:37,724][__main__][INFO] - Val dataset size: 5467
[2026-01-01 02:22:38,271][lightning.pytorch.utilities.rank_zero][INFO] - Using bfloat16 Automatic Mixed Precision (AMP)
[2026-01-01 02:22:38,588][lightning.pytorch.utilities.rank_zero][INFO] - GPU available: True (cuda), used: True
[2026-01-01 02:22:38,591][lightning.pytorch.utilities.rank_zero][INFO] - TPU available: False, using: 0 TPU cores
[2026-01-01 02:22:38,592][lightning.pytorch.utilities.rank_zero][INFO] - `Trainer(limit_train_batches=1.0)` was configured so 100% of the batches per epoch will be used..
[2026-01-01 02:22:38,592][lightning.pytorch.utilities.rank_zero][INFO] - `Trainer(limit_val_batches=1.0)` was configured so 100% of the batches will be used..
[2026-01-01 02:22:49,198][lightning.pytorch.accelerators.cuda][INFO] - LOCAL_RANK: 0 - CUDA_VISIBLE_DEVICES: [0]
[2026-01-01 02:22:49,548][lightning.pytorch.utilities.rank_zero][INFO] - Loading `train_dataloader` to estimate number of stepping batches.
[2026-01-01 02:22:49,729][lightning.pytorch.callbacks.model_summary][INFO] - 
  | Name  | Type              | Params | Mode 
----------------------------------------------------
0 | model | LayoutLMv3Wrapper | 125 M  | train
----------------------------------------------------
125 M     Trainable params
0         Non-trainable params
125 M     Total params
501.314   Total estimated model params size (MB)
242       Modules in train mode
0         Modules in eval mode
[2026-01-01 02:36:41,694][lightning.pytorch.utilities.rank_zero][INFO] - 
Detected KeyboardInterrupt, attempting graceful shutdown ...
[2026-01-01 02:43:40,064][lightning.fabric.utilities.seed][INFO] - Seed set to 42
[2026-01-01 02:43:40,090][__main__][INFO] - Initializing layoutlmv3 model from microsoft/layoutlmv3-base
[2026-01-01 02:43:42,810][ocr.data.datasets.kie_dataset][INFO] - Loaded 5467 samples from data/processed/aihub_validation_optimized.parquet
[2026-01-01 02:43:43,070][ocr.data.datasets.kie_dataset][INFO] - Loaded 5467 samples from data/processed/aihub_validation_optimized.parquet
[2026-01-01 02:43:43,071][__main__][INFO] - Train dataset size: 5467
[2026-01-01 02:43:43,072][__main__][INFO] - Val dataset size: 5467
[2026-01-01 02:50:27,645][lightning.fabric.utilities.seed][INFO] - Seed set to 42
[2026-01-01 02:50:27,750][__main__][INFO] - Initializing layoutlmv3 model from microsoft/layoutlmv3-base
[2026-01-01 02:50:29,611][ocr.data.datasets.kie_dataset][INFO] - Loaded 5467 samples from data/processed/aihub_validation_optimized.parquet
[2026-01-01 02:50:29,853][ocr.data.datasets.kie_dataset][INFO] - Loaded 5467 samples from data/processed/aihub_validation_optimized.parquet
[2026-01-01 02:50:29,855][__main__][INFO] - Train dataset size: 5467
[2026-01-01 02:50:29,856][__main__][INFO] - Val dataset size: 5467
[2026-01-01 02:50:30,390][lightning.pytorch.utilities.rank_zero][INFO] - Using bfloat16 Automatic Mixed Precision (AMP)
[2026-01-01 02:50:30,665][lightning.pytorch.utilities.rank_zero][INFO] - GPU available: True (cuda), used: True
[2026-01-01 02:50:30,667][lightning.pytorch.utilities.rank_zero][INFO] - TPU available: False, using: 0 TPU cores
[2026-01-01 02:50:36,038][lightning.pytorch.accelerators.cuda][INFO] - LOCAL_RANK: 0 - CUDA_VISIBLE_DEVICES: [0]
[2026-01-01 02:50:36,347][lightning.pytorch.utilities.rank_zero][INFO] - Loading `train_dataloader` to estimate number of stepping batches.
[2026-01-01 02:50:36,503][lightning.pytorch.callbacks.model_summary][INFO] - 
  | Name  | Type              | Params | Mode 
----------------------------------------------------
0 | model | LayoutLMv3Wrapper | 125 M  | train
----------------------------------------------------
125 M     Trainable params
0         Non-trainable params
125 M     Total params
501.314   Total estimated model params size (MB)
242       Modules in train mode
0         Modules in eval mode
[2026-01-01 02:51:05,985][lightning.pytorch.utilities.rank_zero][INFO] - `Trainer.fit` stopped: `max_epochs=1` reached.
